2025-04-25 10:10:58,023 [INFO] === ETL Pipeline Started ===
2025-04-25 10:10:58,023 [INFO] Uploading raw files to S3...
2025-04-25 10:11:01,346 [INFO] Uploaded source1.csv to s3://etl-pipeline-project-bucket/raw/
2025-04-25 10:11:02,063 [INFO] Uploaded source1.json to s3://etl-pipeline-project-bucket/raw/
2025-04-25 10:11:02,778 [INFO] Uploaded source1.xml to s3://etl-pipeline-project-bucket/raw/
2025-04-25 10:11:03,472 [INFO] Uploaded source2.csv to s3://etl-pipeline-project-bucket/raw/
2025-04-25 10:11:04,523 [INFO] Uploaded source2.json to s3://etl-pipeline-project-bucket/raw/
2025-04-25 10:11:05,340 [INFO] Uploaded source2.xml to s3://etl-pipeline-project-bucket/raw/
2025-04-25 10:11:05,909 [INFO] Uploaded source3.csv to s3://etl-pipeline-project-bucket/raw/
2025-04-25 10:11:06,474 [INFO] Uploaded source3.json to s3://etl-pipeline-project-bucket/raw/
2025-04-25 10:11:07,094 [INFO] Uploaded source3.xml to s3://etl-pipeline-project-bucket/raw/
2025-04-25 10:11:07,095 [INFO] All raw files uploaded to S3.
2025-04-25 10:11:07,100 [INFO] Downloading raw files from S3...
2025-04-25 10:11:09,230 [INFO] Downloaded source1.csv to downloaded_raw\source1.csv
2025-04-25 10:11:09,828 [INFO] Downloaded source1.json to downloaded_raw\source1.json
2025-04-25 10:11:10,412 [INFO] Downloaded source1.xml to downloaded_raw\source1.xml
2025-04-25 10:11:11,080 [INFO] Downloaded source2.csv to downloaded_raw\source2.csv
2025-04-25 10:11:11,803 [INFO] Downloaded source2.json to downloaded_raw\source2.json
2025-04-25 10:11:12,406 [INFO] Downloaded source2.xml to downloaded_raw\source2.xml
2025-04-25 10:11:13,430 [INFO] Downloaded source3.csv to downloaded_raw\source3.csv
2025-04-25 10:11:14,253 [INFO] Downloaded source3.json to downloaded_raw\source3.json
2025-04-25 10:11:14,866 [INFO] Downloaded source3.xml to downloaded_raw\source3.xml
2025-04-25 10:11:14,870 [INFO] Transforming data...
2025-04-25 10:11:14,980 [INFO] Transformed data saved to transformed_output.csv
2025-04-25 10:11:14,981 [INFO] Uploading transformed file to S3...
2025-04-25 10:11:16,980 [INFO] Transformed file uploaded to S3.
2025-04-25 10:11:16,984 [INFO] Loading transformed data into RDS...
2025-04-25 10:11:20,001 [INFO] package: mysql.connector.plugins
2025-04-25 10:11:20,001 [INFO] plugin_name: mysql_native_password
2025-04-25 10:11:20,007 [INFO] AUTHENTICATION_PLUGIN_CLASS: MySQLNativePasswordAuthPlugin
2025-04-25 10:11:32,062 [INFO] Data loaded into RDS table: etl_transformed_data
2025-04-25 10:11:32,062 [INFO] Uploading log file to S3...
2025-04-25 10:11:34,200 [INFO] Log file uploaded to S3.
2025-04-25 10:11:34,205 [INFO] === ETL Pipeline Completed ===
2025-04-25 10:11:34,206 [INFO] #########################################################################################
2025-04-25 10:13:24,295 [INFO] === ETL Pipeline Started ===
2025-04-25 10:13:24,297 [INFO] Uploading raw files to S3...
2025-04-25 10:13:26,856 [INFO] Uploaded source1.csv to s3://etl-pipeline-project-bucket/raw/
2025-04-25 10:13:27,678 [INFO] Uploaded source1.json to s3://etl-pipeline-project-bucket/raw/
2025-04-25 10:13:28,290 [INFO] Uploaded source1.xml to s3://etl-pipeline-project-bucket/raw/
2025-04-25 10:13:28,852 [INFO] Uploaded source2.csv to s3://etl-pipeline-project-bucket/raw/
2025-04-25 10:13:29,421 [INFO] Uploaded source2.json to s3://etl-pipeline-project-bucket/raw/
2025-04-25 10:13:30,002 [INFO] Uploaded source2.xml to s3://etl-pipeline-project-bucket/raw/
2025-04-25 10:13:30,711 [INFO] Uploaded source3.csv to s3://etl-pipeline-project-bucket/raw/
2025-04-25 10:13:31,361 [INFO] Uploaded source3.json to s3://etl-pipeline-project-bucket/raw/
2025-04-25 10:13:31,980 [INFO] Uploaded source3.xml to s3://etl-pipeline-project-bucket/raw/
2025-04-25 10:13:31,981 [INFO] All raw files uploaded to S3.
2025-04-25 10:13:31,986 [INFO] Downloading raw files from S3...
2025-04-25 10:13:34,209 [INFO] Downloaded source1.csv to downloaded_raw\source1.csv
2025-04-25 10:13:34,954 [INFO] Downloaded source1.json to downloaded_raw\source1.json
2025-04-25 10:13:35,978 [INFO] Downloaded source1.xml to downloaded_raw\source1.xml
2025-04-25 10:13:36,797 [INFO] Downloaded source2.csv to downloaded_raw\source2.csv
2025-04-25 10:13:37,515 [INFO] Downloaded source2.json to downloaded_raw\source2.json
2025-04-25 10:13:38,090 [INFO] Downloaded source2.xml to downloaded_raw\source2.xml
2025-04-25 10:13:38,949 [INFO] Downloaded source3.csv to downloaded_raw\source3.csv
2025-04-25 10:13:39,674 [INFO] Downloaded source3.json to downloaded_raw\source3.json
2025-04-25 10:13:40,257 [INFO] Downloaded source3.xml to downloaded_raw\source3.xml
2025-04-25 10:13:40,264 [INFO] Transforming data...
2025-04-25 10:13:40,339 [INFO] Transformed data saved to transformed_output.csv
2025-04-25 10:13:40,340 [INFO] Uploading transformed file to S3...
2025-04-25 10:13:42,628 [INFO] Transformed file uploaded to S3.
2025-04-25 10:13:42,634 [INFO] Loading transformed data into RDS...
2025-04-25 10:13:45,087 [INFO] package: mysql.connector.plugins
2025-04-25 10:13:45,087 [INFO] plugin_name: mysql_native_password
2025-04-25 10:13:45,091 [INFO] AUTHENTICATION_PLUGIN_CLASS: MySQLNativePasswordAuthPlugin
2025-04-25 10:13:57,576 [INFO] Data loaded into RDS table: etl_transformed_data
2025-04-25 10:13:57,576 [INFO] Uploading log file to S3...
2025-04-25 10:14:00,032 [INFO] Log file uploaded to S3.
2025-04-25 10:14:00,034 [INFO] === ETL Pipeline Completed ===
2025-04-25 10:14:00,035 [INFO] #########################################################################################
2025-04-25 10:18:14,373 [INFO] === ETL Pipeline Started ===
2025-04-25 10:18:14,373 [INFO] Uploading raw files to S3...
2025-04-25 10:18:16,575 [INFO] Uploaded source1.csv to s3://etl-pipeline-project-bucket/raw/
2025-04-25 10:18:17,134 [INFO] Uploaded source1.json to s3://etl-pipeline-project-bucket/raw/
2025-04-25 10:18:17,778 [INFO] Uploaded source1.xml to s3://etl-pipeline-project-bucket/raw/
2025-04-25 10:18:18,408 [INFO] Uploaded source2.csv to s3://etl-pipeline-project-bucket/raw/
2025-04-25 10:18:18,977 [INFO] Uploaded source2.json to s3://etl-pipeline-project-bucket/raw/
2025-04-25 10:18:19,518 [INFO] Uploaded source2.xml to s3://etl-pipeline-project-bucket/raw/
2025-04-25 10:18:20,055 [INFO] Uploaded source3.csv to s3://etl-pipeline-project-bucket/raw/
2025-04-25 10:18:20,611 [INFO] Uploaded source3.json to s3://etl-pipeline-project-bucket/raw/
2025-04-25 10:18:21,259 [INFO] Uploaded source3.xml to s3://etl-pipeline-project-bucket/raw/
2025-04-25 10:18:21,260 [INFO] All raw files uploaded to S3.
2025-04-25 10:18:21,265 [INFO] Downloading raw files from S3...
2025-04-25 10:18:23,826 [INFO] Downloaded source1.csv to downloaded_raw\source1.csv
2025-04-25 10:18:24,528 [INFO] Downloaded source1.json to downloaded_raw\source1.json
2025-04-25 10:18:25,258 [INFO] Downloaded source1.xml to downloaded_raw\source1.xml
2025-04-25 10:18:26,105 [INFO] Downloaded source2.csv to downloaded_raw\source2.csv
2025-04-25 10:18:26,794 [INFO] Downloaded source2.json to downloaded_raw\source2.json
2025-04-25 10:18:27,715 [INFO] Downloaded source2.xml to downloaded_raw\source2.xml
2025-04-25 10:18:28,639 [INFO] Downloaded source3.csv to downloaded_raw\source3.csv
2025-04-25 10:18:29,355 [INFO] Downloaded source3.json to downloaded_raw\source3.json
2025-04-25 10:18:30,054 [INFO] Downloaded source3.xml to downloaded_raw\source3.xml
2025-04-25 10:18:30,060 [INFO] Transforming data...
2025-04-25 10:18:30,119 [INFO] Transformed data saved to transformed_output.csv
2025-04-25 10:18:30,119 [INFO] Uploading transformed file to S3...
2025-04-25 10:18:32,316 [INFO] Transformed file uploaded to S3.
2025-04-25 10:18:32,321 [INFO] Loading transformed data into RDS...
2025-04-25 10:18:35,184 [INFO] package: mysql.connector.plugins
2025-04-25 10:18:35,185 [INFO] plugin_name: mysql_native_password
2025-04-25 10:18:35,186 [INFO] AUTHENTICATION_PLUGIN_CLASS: MySQLNativePasswordAuthPlugin
2025-04-25 10:18:47,854 [INFO] Data loaded into RDS table: etl_transformed_data
2025-04-25 10:18:47,855 [INFO] Uploading log file to S3...
2025-04-25 10:18:49,704 [INFO] Log file uploaded to S3.
2025-04-25 10:18:49,709 [INFO] === ETL Pipeline Completed ===
2025-04-25 10:18:49,710 [INFO] #########################################################################################
2025-04-25 10:21:32,546 [INFO] === ETL Pipeline Started ===
2025-04-25 10:21:32,547 [INFO] Uploading raw files to S3...
2025-04-25 10:21:34,901 [INFO] Uploaded source1.csv to s3://etl-pipeline-project-bucket/raw/
2025-04-25 10:21:35,821 [INFO] Uploaded source1.json to s3://etl-pipeline-project-bucket/raw/
2025-04-25 10:21:36,527 [INFO] Uploaded source1.xml to s3://etl-pipeline-project-bucket/raw/
2025-04-25 10:21:37,088 [INFO] Uploaded source2.csv to s3://etl-pipeline-project-bucket/raw/
2025-04-25 10:21:37,744 [INFO] Uploaded source2.json to s3://etl-pipeline-project-bucket/raw/
2025-04-25 10:21:38,335 [INFO] Uploaded source2.xml to s3://etl-pipeline-project-bucket/raw/
2025-04-25 10:21:39,001 [INFO] Uploaded source3.csv to s3://etl-pipeline-project-bucket/raw/
2025-04-25 10:21:39,684 [INFO] Uploaded source3.json to s3://etl-pipeline-project-bucket/raw/
2025-04-25 10:21:40,239 [INFO] Uploaded source3.xml to s3://etl-pipeline-project-bucket/raw/
2025-04-25 10:21:40,240 [INFO] All raw files uploaded to S3.
2025-04-25 10:21:40,245 [INFO] Downloading raw files from S3...
2025-04-25 10:21:42,201 [INFO] Downloaded source1.csv to downloaded_raw\source1.csv
2025-04-25 10:21:42,873 [INFO] Downloaded source1.json to downloaded_raw\source1.json
2025-04-25 10:21:43,505 [INFO] Downloaded source1.xml to downloaded_raw\source1.xml
2025-04-25 10:21:44,216 [INFO] Downloaded source2.csv to downloaded_raw\source2.csv
2025-04-25 10:21:44,834 [INFO] Downloaded source2.json to downloaded_raw\source2.json
2025-04-25 10:21:45,428 [INFO] Downloaded source2.xml to downloaded_raw\source2.xml
2025-04-25 10:21:46,058 [INFO] Downloaded source3.csv to downloaded_raw\source3.csv
2025-04-25 10:21:46,788 [INFO] Downloaded source3.json to downloaded_raw\source3.json
2025-04-25 10:21:47,509 [INFO] Downloaded source3.xml to downloaded_raw\source3.xml
2025-04-25 10:21:47,515 [INFO] Transforming data...
2025-04-25 10:21:47,597 [INFO] Transformed data saved to transformed_output.csv
2025-04-25 10:21:47,598 [INFO] Uploading transformed file to S3...
2025-04-25 10:21:49,698 [INFO] Transformed file uploaded to S3.
2025-04-25 10:21:49,703 [INFO] Loading transformed data into RDS...
2025-04-25 10:21:52,309 [INFO] package: mysql.connector.plugins
2025-04-25 10:21:52,309 [INFO] plugin_name: mysql_native_password
2025-04-25 10:21:52,311 [INFO] AUTHENTICATION_PLUGIN_CLASS: MySQLNativePasswordAuthPlugin
2025-04-25 10:22:01,416 [INFO] Data loaded into RDS table: etl_transformed_data
2025-04-25 10:22:01,417 [INFO] Uploading log file to S3...
2025-04-25 10:22:03,251 [INFO] Log file uploaded to S3.
2025-04-25 10:22:03,257 [INFO] === ETL Pipeline Completed ===
2025-04-25 10:22:03,258 [INFO] #########################################################################################
2025-04-25 10:23:17,070 [INFO] === ETL Pipeline Started ===
2025-04-25 10:23:17,071 [INFO] Uploading raw files to S3...
2025-04-25 10:23:19,451 [INFO] Uploaded source1.csv to s3://etl-pipeline-project-bucket/raw/
2025-04-25 10:23:20,167 [INFO] Uploaded source1.json to s3://etl-pipeline-project-bucket/raw/
2025-04-25 10:23:20,982 [INFO] Uploaded source1.xml to s3://etl-pipeline-project-bucket/raw/
2025-04-25 10:23:21,600 [INFO] Uploaded source2.csv to s3://etl-pipeline-project-bucket/raw/
2025-04-25 10:23:22,215 [INFO] Uploaded source2.json to s3://etl-pipeline-project-bucket/raw/
2025-04-25 10:23:22,995 [INFO] Uploaded source2.xml to s3://etl-pipeline-project-bucket/raw/
2025-04-25 10:23:23,582 [INFO] Uploaded source3.csv to s3://etl-pipeline-project-bucket/raw/
2025-04-25 10:23:24,208 [INFO] Uploaded source3.json to s3://etl-pipeline-project-bucket/raw/
2025-04-25 10:23:24,979 [INFO] Uploaded source3.xml to s3://etl-pipeline-project-bucket/raw/
2025-04-25 10:23:24,980 [INFO] All raw files uploaded to S3.
2025-04-25 10:23:24,985 [INFO] Downloading raw files from S3...
2025-04-25 10:23:27,033 [INFO] Downloaded source1.csv to downloaded_raw\source1.csv
2025-04-25 10:23:27,645 [INFO] Downloaded source1.json to downloaded_raw\source1.json
2025-04-25 10:23:28,363 [INFO] Downloaded source1.xml to downloaded_raw\source1.xml
2025-04-25 10:23:28,978 [INFO] Downloaded source2.csv to downloaded_raw\source2.csv
2025-04-25 10:23:29,594 [INFO] Downloaded source2.json to downloaded_raw\source2.json
2025-04-25 10:23:30,201 [INFO] Downloaded source2.xml to downloaded_raw\source2.xml
2025-04-25 10:23:30,920 [INFO] Downloaded source3.csv to downloaded_raw\source3.csv
2025-04-25 10:23:31,602 [INFO] Downloaded source3.json to downloaded_raw\source3.json
2025-04-25 10:23:32,457 [INFO] Downloaded source3.xml to downloaded_raw\source3.xml
2025-04-25 10:23:32,461 [INFO] Transforming data...
2025-04-25 10:23:32,519 [INFO] Transformed data saved to transformed_output.csv
2025-04-25 10:23:32,519 [INFO] Uploading transformed file to S3...
2025-04-25 10:23:34,402 [INFO] Transformed file uploaded to S3.
2025-04-25 10:23:34,407 [INFO] Loading transformed data into RDS...
2025-04-25 10:23:36,960 [INFO] package: mysql.connector.plugins
2025-04-25 10:23:36,960 [INFO] plugin_name: mysql_native_password
2025-04-25 10:23:36,962 [INFO] AUTHENTICATION_PLUGIN_CLASS: MySQLNativePasswordAuthPlugin
2025-04-25 10:23:48,937 [INFO] Data loaded into RDS table: etl_transformed_data
2025-04-25 10:23:48,939 [INFO] Uploading log file to S3...
2025-04-25 10:23:51,162 [INFO] Log file uploaded to S3.
2025-04-25 10:23:51,168 [INFO] === ETL Pipeline Completed ===
2025-04-25 10:23:51,169 [INFO] #########################################################################################
